<?xml version="1.0" encoding="UTF-8"?>
<!-- Generated by org.testng.reporters.JUnitXMLReporter -->
<testsuite ignored="0" hostname="DESKTOP-P820UR2" failures="0" tests="4" name="Test" time="31.142" errors="0" timestamp="11 Jan 2022 21:00:41 GMT">
  <testcase classname="tests.Guru99LoginTest" name="loginWithCorrectEmailandPassword" time="2.57"/>
  <testcase classname="tests.Guru99LoginTest" name="loginWithInvaliduserAndValidPassword" time="2.334"/>
  <testcase classname="tests.Guru99LoginTest" name="loginWithValiduserAndinValidPassword" time="2.383"/>
  <testcase classname="tests.Guru99LoginTest" name="loginWithInvaliduserAndinValidPassword" time="2.282"/>
</testsuite> <!-- Test -->
