<?xml version="1.0" encoding="UTF-8"?>
<!-- Generated by org.testng.reporters.JUnitXMLReporter -->
<testsuite ignored="0" hostname="DESKTOP-P820UR2" failures="0" tests="4" name="Test" time="24.899" errors="0" timestamp="10 Nov 2021 20:33:25 GMT">
  <testcase classname="tests.LoginTest" name="loginWithwrongemailAndPassword" time="2.31"/>
  <testcase classname="tests.LoginTest" name="loginWithinvalidEmailId" time="2.309"/>
  <testcase classname="tests.LoginTest" name="loginWithEmptyEmailId" time="2.283"/>
  <testcase classname="tests.LoginTest" name="loginWithEmptyPassword" time="2.268"/>
</testsuite> <!-- Test -->
