<?xml version="1.0" encoding="UTF-8"?>
<testng-results ignored="0" total="1" passed="1" failed="0" skipped="0">
  <reporter-output>
  </reporter-output>
  <suite started-at="2022-01-27T17:55:22 EST" name="Default suite" finished-at="2022-01-27T17:55:32 EST" duration-ms="10123">
    <groups>
    </groups>
    <test started-at="2022-01-27T17:55:22 EST" name="Default test" finished-at="2022-01-27T17:55:32 EST" duration-ms="10123">
      <class name="tests.LoginTest">
        <test-method is-config="true" signature="beforeMethod()[pri:0, instance:tests.LoginTest@ee86bcb]" started-at="2022-01-27T17:55:22 EST" name="beforeMethod" finished-at="2022-01-27T17:55:29 EST" duration-ms="6919" status="PASS">
          <reporter-output>
          </reporter-output>
        </test-method> <!-- beforeMethod -->
        <test-method signature="loginWithwrongemailAndPassword()[pri:1, instance:tests.LoginTest@ee86bcb]" started-at="2022-01-27T17:55:29 EST" name="loginWithwrongemailAndPassword" finished-at="2022-01-27T17:55:31 EST" duration-ms="2408" status="PASS">
          <reporter-output>
          </reporter-output>
        </test-method> <!-- loginWithwrongemailAndPassword -->
        <test-method is-config="true" signature="afterMethod()[pri:0, instance:tests.LoginTest@ee86bcb]" started-at="2022-01-27T17:55:31 EST" name="afterMethod" finished-at="2022-01-27T17:55:32 EST" duration-ms="767" status="PASS">
          <reporter-output>
          </reporter-output>
        </test-method> <!-- afterMethod -->
      </class> <!-- tests.LoginTest -->
    </test> <!-- Default test -->
  </suite> <!-- Default suite -->
</testng-results>
